{"level":"info","message":"Server is running on port 3001","timestamp":"2025-12-17T22:35:53.327Z"}
{"level":"info","message":"Inngest endpoint available at http://localhost:3001/api/inngest","timestamp":"2025-12-17T22:35:53.329Z"}
{"level":"info","message":"Server is running on port 3001","timestamp":"2025-12-17T22:37:54.169Z"}
{"level":"info","message":"Inngest endpoint available at http://localhost:3001/api/inngest","timestamp":"2025-12-17T22:37:54.172Z"}
{"level":"info","message":"Server is running on port 3001","timestamp":"2025-12-17T22:37:56.187Z"}
{"level":"info","message":"Inngest endpoint available at http://localhost:3001/api/inngest","timestamp":"2025-12-17T22:37:56.190Z"}
{"level":"info","message":"Server is running on port 3001","timestamp":"2025-12-17T22:40:22.736Z"}
{"level":"info","message":"Inngest endpoint available at http://localhost:3001/api/inngest","timestamp":"2025-12-17T22:40:22.739Z"}
{"level":"info","message":"Server is running on port 3001","timestamp":"2025-12-17T22:42:50.584Z"}
{"level":"info","message":"Inngest endpoint available at http://localhost:3001/api/inngest","timestamp":"2025-12-17T22:42:50.586Z"}
{"level":"info","message":"Server is running on port 3001","timestamp":"2025-12-17T22:43:45.045Z"}
{"level":"info","message":"Inngest endpoint available at http://localhost:3001/api/inngest","timestamp":"2025-12-17T22:43:45.048Z"}
{"level":"info","message":"Server is running on port 3001","timestamp":"2025-12-17T22:43:49.148Z"}
{"level":"info","message":"Inngest endpoint available at http://localhost:3001/api/inngest","timestamp":"2025-12-17T22:43:49.151Z"}
{"level":"info","message":"Server is running on port 3001","timestamp":"2025-12-17T22:43:57.676Z"}
{"level":"info","message":"Inngest endpoint available at http://localhost:3001/api/inngest","timestamp":"2025-12-17T22:43:57.683Z"}
{"level":"info","message":"Server is running on port 3001","timestamp":"2025-12-17T22:44:30.741Z"}
{"level":"info","message":"Inngest endpoint available at http://localhost:3001/api/inngest","timestamp":"2025-12-17T22:44:30.743Z"}
{"level":"info","message":"Server is running on port 3001","timestamp":"2025-12-17T23:02:22.524Z"}
{"level":"info","message":"Inngest endpoint available at http://localhost:3001/api/inngest","timestamp":"2025-12-17T23:02:22.526Z"}
{"level":"info","message":"Server is running on port 3001","timestamp":"2025-12-17T23:03:27.965Z"}
{"level":"info","message":"Inngest endpoint available at http://localhost:3001/api/inngest","timestamp":"2025-12-17T23:03:27.968Z"}
{"level":"info","message":"Server is running on port 3001","timestamp":"2025-12-17T23:03:43.723Z"}
{"level":"info","message":"Inngest endpoint available at http://localhost:3001/api/inngest","timestamp":"2025-12-17T23:03:43.725Z"}
{"level":"info","message":"Server is running on port 3001","timestamp":"2025-12-17T23:05:44.348Z"}
{"level":"info","message":"Inngest endpoint available at http://localhost:3001/api/inngest","timestamp":"2025-12-17T23:05:44.351Z"}
{"level":"info","message":"Server is running on port 3001","timestamp":"2025-12-17T23:07:33.869Z"}
{"level":"info","message":"Inngest endpoint available at http://localhost:3001/api/inngest","timestamp":"2025-12-17T23:07:33.871Z"}
{"level":"info","message":"Server is running on port 3001","timestamp":"2025-12-18T02:39:38.072Z"}
{"level":"info","message":"Inngest endpoint available at http://localhost:3001/api/inngest","timestamp":"2025-12-18T02:39:38.074Z"}
{"level":"info","message":"Server is running on port 3001","timestamp":"2025-12-18T02:44:13.328Z"}
{"level":"info","message":"Inngest endpoint available at http://localhost:3001/api/inngest","timestamp":"2025-12-18T02:44:13.331Z"}
{"level":"info","message":"Server is running on port 3001","timestamp":"2025-12-18T02:44:33.188Z"}
{"level":"info","message":"Inngest endpoint available at http://localhost:3001/api/inngest","timestamp":"2025-12-18T02:44:33.191Z"}
{"level":"info","message":"Server is running on port 3001","timestamp":"2025-12-18T02:49:27.840Z"}
{"level":"info","message":"Inngest endpoint available at http://localhost:3001/api/inngest","timestamp":"2025-12-18T02:49:27.842Z"}
{"code":8000,"codeName":"AtlasError","connectionGeneration":0,"errorLabelSet":{},"errorResponse":{"code":8000,"codeName":"AtlasError","errmsg":"bad auth : authentication failed","ok":0},"level":"error","message":"MongoDB connection error: bad auth : authentication failed","ok":0,"stack":"MongoServerError: bad auth : authentication failed\n    at Connection.sendCommand (C:\\Users\\hanss\\Desktop\\yuenai\\backend\\node_modules\\mongodb\\src\\cmap\\connection.ts:557:17)\n    at processTicksAndRejections (node:internal/process/task_queues:95:5)\n    at async Connection.command (C:\\Users\\hanss\\Desktop\\yuenai\\backend\\node_modules\\mongodb\\src\\cmap\\connection.ts:627:22)\n    at async continueScramConversation (C:\\Users\\hanss\\Desktop\\yuenai\\backend\\node_modules\\mongodb\\src\\cmap\\auth\\scram.ts:187:13)\n    at async executeScram (C:\\Users\\hanss\\Desktop\\yuenai\\backend\\node_modules\\mongodb\\src\\cmap\\auth\\scram.ts:114:3)\n    at async ScramSHA1.auth (C:\\Users\\hanss\\Desktop\\yuenai\\backend\\node_modules\\mongodb\\src\\cmap\\auth\\scram.ts:60:12)\n    at async performInitialHandshake (C:\\Users\\hanss\\Desktop\\yuenai\\backend\\node_modules\\mongodb\\src\\cmap\\connect.ts:164:7)\n    at async connect (C:\\Users\\hanss\\Desktop\\yuenai\\backend\\node_modules\\mongodb\\src\\cmap\\connect.ts:43:5)","timestamp":"2025-12-18T02:50:44.498Z"}
{"code":8000,"codeName":"AtlasError","connectionGeneration":0,"errorLabelSet":{},"errorResponse":{"code":8000,"codeName":"AtlasError","errmsg":"bad auth : authentication failed","ok":0},"level":"error","message":"MongoDB connection error: bad auth : authentication failed","ok":0,"stack":"MongoServerError: bad auth : authentication failed\n    at Connection.sendCommand (C:\\Users\\hanss\\Desktop\\yuenai\\backend\\node_modules\\mongodb\\src\\cmap\\connection.ts:557:17)\n    at processTicksAndRejections (node:internal/process/task_queues:95:5)\n    at async Connection.command (C:\\Users\\hanss\\Desktop\\yuenai\\backend\\node_modules\\mongodb\\src\\cmap\\connection.ts:627:22)\n    at async continueScramConversation (C:\\Users\\hanss\\Desktop\\yuenai\\backend\\node_modules\\mongodb\\src\\cmap\\auth\\scram.ts:187:13)\n    at async executeScram (C:\\Users\\hanss\\Desktop\\yuenai\\backend\\node_modules\\mongodb\\src\\cmap\\auth\\scram.ts:114:3)\n    at async ScramSHA1.auth (C:\\Users\\hanss\\Desktop\\yuenai\\backend\\node_modules\\mongodb\\src\\cmap\\auth\\scram.ts:60:12)\n    at async performInitialHandshake (C:\\Users\\hanss\\Desktop\\yuenai\\backend\\node_modules\\mongodb\\src\\cmap\\connect.ts:164:7)\n    at async connect (C:\\Users\\hanss\\Desktop\\yuenai\\backend\\node_modules\\mongodb\\src\\cmap\\connect.ts:43:5)","timestamp":"2025-12-18T02:51:44.838Z"}
{"code":8000,"codeName":"AtlasError","connectionGeneration":0,"errorLabelSet":{},"errorResponse":{"code":8000,"codeName":"AtlasError","errmsg":"bad auth : authentication failed","ok":0},"level":"error","message":"MongoDB connection error: bad auth : authentication failed","ok":0,"stack":"MongoServerError: bad auth : authentication failed\n    at Connection.sendCommand (C:\\Users\\hanss\\Desktop\\yuenai\\backend\\node_modules\\mongodb\\src\\cmap\\connection.ts:557:17)\n    at processTicksAndRejections (node:internal/process/task_queues:95:5)\n    at async Connection.command (C:\\Users\\hanss\\Desktop\\yuenai\\backend\\node_modules\\mongodb\\src\\cmap\\connection.ts:627:22)\n    at async continueScramConversation (C:\\Users\\hanss\\Desktop\\yuenai\\backend\\node_modules\\mongodb\\src\\cmap\\auth\\scram.ts:187:13)\n    at async executeScram (C:\\Users\\hanss\\Desktop\\yuenai\\backend\\node_modules\\mongodb\\src\\cmap\\auth\\scram.ts:114:3)\n    at async ScramSHA1.auth (C:\\Users\\hanss\\Desktop\\yuenai\\backend\\node_modules\\mongodb\\src\\cmap\\auth\\scram.ts:60:12)\n    at async performInitialHandshake (C:\\Users\\hanss\\Desktop\\yuenai\\backend\\node_modules\\mongodb\\src\\cmap\\connect.ts:164:7)\n    at async connect (C:\\Users\\hanss\\Desktop\\yuenai\\backend\\node_modules\\mongodb\\src\\cmap\\connect.ts:43:5)","timestamp":"2025-12-18T02:52:41.351Z"}
{"level":"info","message":"Connected to MongoDB Atlas","timestamp":"2025-12-18T02:54:04.876Z"}
{"level":"info","message":"Server is running on port 3001","timestamp":"2025-12-18T02:54:04.881Z"}
{"level":"info","message":"Inngest endpoint available at http://localhost:3001/api/inngest","timestamp":"2025-12-18T02:54:04.881Z"}
{"level":"info","message":"Connected to MongoDB Atlas","timestamp":"2025-12-18T02:58:30.153Z"}
{"level":"info","message":"Server is running on port 3001","timestamp":"2025-12-18T02:58:30.158Z"}
{"level":"info","message":"Inngest endpoint available at http://localhost:3001/api/inngest","timestamp":"2025-12-18T02:58:30.158Z"}
{"level":"info","message":"Connected to MongoDB Atlas","timestamp":"2025-12-18T03:02:31.702Z"}
{"level":"info","message":"Server is running on port 3001","timestamp":"2025-12-18T03:02:31.707Z"}
{"level":"info","message":"Inngest endpoint available at http://localhost:3001/api/inngest","timestamp":"2025-12-18T03:02:31.708Z"}
{"level":"info","message":"Connected to MongoDB Atlas","timestamp":"2025-12-18T03:02:46.955Z"}
{"level":"info","message":"Server is running on port 3001","timestamp":"2025-12-18T03:02:46.960Z"}
{"level":"info","message":"Inngest endpoint available at http://localhost:3001/api/inngest","timestamp":"2025-12-18T03:02:46.961Z"}
{"level":"info","message":"Connected to MongoDB Atlas","timestamp":"2025-12-18T03:09:28.554Z"}
{"level":"info","message":"Server is running on port 3001","timestamp":"2025-12-18T03:09:28.559Z"}
{"level":"info","message":"Inngest endpoint available at http://localhost:3001/api/inngest","timestamp":"2025-12-18T03:09:28.559Z"}
{"level":"info","message":"Connected to MongoDB Atlas","timestamp":"2025-12-18T03:09:45.189Z"}
{"level":"info","message":"Server is running on port 3001","timestamp":"2025-12-18T03:09:45.194Z"}
{"level":"info","message":"Inngest endpoint available at http://localhost:3001/api/inngest","timestamp":"2025-12-18T03:09:45.195Z"}
{"level":"info","message":"Connected to MongoDB Atlas","timestamp":"2025-12-18T03:11:14.772Z"}
{"level":"info","message":"Server is running on port 3001","timestamp":"2025-12-18T03:11:14.777Z"}
{"level":"info","message":"Inngest endpoint available at http://localhost:3001/api/inngest","timestamp":"2025-12-18T03:11:14.777Z"}
{"level":"info","message":"Connected to MongoDB Atlas","timestamp":"2025-12-18T03:12:19.363Z"}
{"level":"info","message":"Server is running on port 3001","timestamp":"2025-12-18T03:12:19.368Z"}
{"level":"info","message":"Inngest endpoint available at http://localhost:3001/api/inngest","timestamp":"2025-12-18T03:12:19.369Z"}
{"level":"info","message":"Connected to MongoDB Atlas","timestamp":"2025-12-18T03:22:56.817Z"}
{"level":"info","message":"Server is running on port 3001","timestamp":"2025-12-18T03:22:56.822Z"}
{"level":"info","message":"Inngest endpoint available at http://localhost:3001/api/inngest","timestamp":"2025-12-18T03:22:56.822Z"}
{"level":"info","message":"Connected to MongoDB Atlas","timestamp":"2025-12-18T03:37:39.076Z"}
{"level":"info","message":"Server is running on port 3001","timestamp":"2025-12-18T03:37:39.082Z"}
{"level":"info","message":"Inngest endpoint available at http://localhost:3001/api/inngest","timestamp":"2025-12-18T03:37:39.083Z"}
{"level":"info","message":"Connected to MongoDB Atlas","timestamp":"2025-12-18T03:39:52.510Z"}
{"level":"info","message":"Server is running on port 3001","timestamp":"2025-12-18T03:39:52.515Z"}
{"level":"info","message":"Inngest endpoint available at http://localhost:3001/api/inngest","timestamp":"2025-12-18T03:39:52.515Z"}
{"level":"info","message":"Connected to MongoDB Atlas","timestamp":"2025-12-18T03:42:10.923Z"}
{"level":"info","message":"Server is running on port 3001","timestamp":"2025-12-18T03:42:10.928Z"}
{"level":"info","message":"Inngest endpoint available at http://localhost:3001/api/inngest","timestamp":"2025-12-18T03:42:10.928Z"}
{"level":"info","message":"Connected to MongoDB Atlas","timestamp":"2025-12-18T03:42:24.150Z"}
{"level":"info","message":"Server is running on port 3001","timestamp":"2025-12-18T03:42:24.154Z"}
{"level":"info","message":"Inngest endpoint available at http://localhost:3001/api/inngest","timestamp":"2025-12-18T03:42:24.155Z"}
{"level":"info","message":"Connected to MongoDB Atlas","timestamp":"2025-12-18T03:45:09.290Z"}
{"level":"info","message":"Server is running on port 3001","timestamp":"2025-12-18T03:45:09.295Z"}
{"level":"info","message":"Inngest endpoint available at http://localhost:3001/api/inngest","timestamp":"2025-12-18T03:45:09.295Z"}
{"level":"info","message":"Connected to MongoDB Atlas","timestamp":"2025-12-18T03:45:27.241Z"}
{"level":"info","message":"Server is running on port 3001","timestamp":"2025-12-18T03:45:27.246Z"}
{"level":"info","message":"Inngest endpoint available at http://localhost:3001/api/inngest","timestamp":"2025-12-18T03:45:27.246Z"}
{"level":"info","message":"Connected to MongoDB Atlas","timestamp":"2025-12-18T03:45:35.136Z"}
{"level":"info","message":"Server is running on port 3001","timestamp":"2025-12-18T03:45:35.141Z"}
{"level":"info","message":"Inngest endpoint available at http://localhost:3001/api/inngest","timestamp":"2025-12-18T03:45:35.142Z"}
{"level":"info","message":"Connected to MongoDB Atlas","timestamp":"2025-12-18T03:52:58.767Z"}
{"level":"info","message":"Server is running on port 3001","timestamp":"2025-12-18T03:52:58.772Z"}
{"level":"info","message":"Inngest endpoint available at http://localhost:3001/api/inngest","timestamp":"2025-12-18T03:52:58.772Z"}
{"level":"info","message":"Connected to MongoDB Atlas","timestamp":"2025-12-18T04:00:16.863Z"}
{"level":"info","message":"Server is running on port 3001","timestamp":"2025-12-18T04:00:16.868Z"}
{"level":"info","message":"Inngest endpoint available at http://localhost:3001/api/inngest","timestamp":"2025-12-18T04:00:16.868Z"}
{"level":"info","message":"Connected to MongoDB Atlas","timestamp":"2025-12-18T04:02:13.983Z"}
{"level":"info","message":"Server is running on port 3001","timestamp":"2025-12-18T04:02:13.988Z"}
{"level":"info","message":"Inngest endpoint available at http://localhost:3001/api/inngest","timestamp":"2025-12-18T04:02:13.988Z"}
{"level":"info","message":"Connected to MongoDB Atlas","timestamp":"2025-12-18T04:05:30.936Z"}
{"level":"info","message":"Server is running on port 3001","timestamp":"2025-12-18T04:05:30.940Z"}
{"level":"info","message":"Inngest endpoint available at http://localhost:3001/api/inngest","timestamp":"2025-12-18T04:05:30.941Z"}
{"level":"info","message":"Connected to MongoDB Atlas","timestamp":"2025-12-18T04:06:45.914Z"}
{"level":"info","message":"Server is running on port 3001","timestamp":"2025-12-18T04:06:45.919Z"}
{"level":"info","message":"Inngest endpoint available at http://localhost:3001/api/inngest","timestamp":"2025-12-18T04:06:45.919Z"}
{"level":"info","message":"Connected to MongoDB Atlas","timestamp":"2025-12-18T04:07:58.920Z"}
{"level":"info","message":"Server is running on port 3001","timestamp":"2025-12-18T04:07:58.925Z"}
{"level":"info","message":"Inngest endpoint available at http://localhost:3001/api/inngest","timestamp":"2025-12-18T04:07:58.925Z"}
{"level":"info","message":"Connected to MongoDB Atlas","timestamp":"2025-12-18T04:12:30.748Z"}
{"level":"info","message":"Server is running on port 3001","timestamp":"2025-12-18T04:12:30.754Z"}
{"level":"info","message":"Inngest endpoint available at http://localhost:3001/api/inngest","timestamp":"2025-12-18T04:12:30.755Z"}
{"level":"info","message":"Connected to MongoDB Atlas","timestamp":"2025-12-18T04:12:44.289Z"}
{"level":"info","message":"Server is running on port 3001","timestamp":"2025-12-18T04:12:44.298Z"}
{"level":"info","message":"Inngest endpoint available at http://localhost:3001/api/inngest","timestamp":"2025-12-18T04:12:44.298Z"}
{"level":"info","message":"Connected to MongoDB Atlas","timestamp":"2025-12-18T04:21:56.205Z"}
{"level":"info","message":"Server is running on port 3001","timestamp":"2025-12-18T04:21:56.213Z"}
{"level":"info","message":"Inngest endpoint available at http://localhost:3001/api/inngest","timestamp":"2025-12-18T04:21:56.214Z"}
{"level":"info","message":"Connected to MongoDB Atlas","timestamp":"2025-12-18T04:22:06.190Z"}
{"level":"info","message":"Server is running on port 3001","timestamp":"2025-12-18T04:22:06.200Z"}
{"level":"info","message":"Inngest endpoint available at http://localhost:3001/api/inngest","timestamp":"2025-12-18T04:22:06.200Z"}
{"level":"info","message":"Connected to MongoDB Atlas","timestamp":"2025-12-18T04:31:34.716Z"}
{"level":"info","message":"Server is running on port 3001","timestamp":"2025-12-18T04:31:34.726Z"}
{"level":"info","message":"Inngest endpoint available at http://localhost:3001/api/inngest","timestamp":"2025-12-18T04:31:34.727Z"}
{"level":"info","message":"Connected to MongoDB Atlas","timestamp":"2025-12-18T04:32:57.255Z"}
{"level":"info","message":"Server is running on port 3001","timestamp":"2025-12-18T04:32:57.264Z"}
{"level":"info","message":"Inngest endpoint available at http://localhost:3001/api/inngest","timestamp":"2025-12-18T04:32:57.265Z"}
{"level":"info","message":"Connected to MongoDB Atlas","timestamp":"2025-12-18T04:33:23.473Z"}
{"level":"info","message":"Server is running on port 3001","timestamp":"2025-12-18T04:33:23.480Z"}
{"level":"info","message":"Inngest endpoint available at http://localhost:3001/api/inngest","timestamp":"2025-12-18T04:33:23.481Z"}
{"level":"info","message":"Connected to MongoDB Atlas","timestamp":"2025-12-18T04:38:28.126Z"}
{"level":"info","message":"Server is running on port 3001","timestamp":"2025-12-18T04:38:28.133Z"}
{"level":"info","message":"Inngest endpoint available at http://localhost:3001/api/inngest","timestamp":"2025-12-18T04:38:28.134Z"}
{"level":"info","message":"Connected to MongoDB Atlas","timestamp":"2025-12-18T04:38:45.671Z"}
{"level":"info","message":"Server is running on port 3001","timestamp":"2025-12-18T04:38:45.679Z"}
{"level":"info","message":"Inngest endpoint available at http://localhost:3001/api/inngest","timestamp":"2025-12-18T04:38:45.680Z"}
{"level":"info","message":"Connected to MongoDB Atlas","timestamp":"2025-12-18T04:46:11.343Z"}
{"level":"info","message":"Server is running on port 3001","timestamp":"2025-12-18T04:46:11.349Z"}
{"level":"info","message":"Inngest endpoint available at http://localhost:3001/api/inngest","timestamp":"2025-12-18T04:46:11.349Z"}
{"level":"info","message":"Connected to MongoDB Atlas","timestamp":"2025-12-18T04:46:20.043Z"}
{"level":"info","message":"Server is running on port 3001","timestamp":"2025-12-18T04:46:20.054Z"}
{"level":"info","message":"Inngest endpoint available at http://localhost:3001/api/inngest","timestamp":"2025-12-18T04:46:20.055Z"}
{"level":"info","message":"Connected to MongoDB Atlas","timestamp":"2025-12-18T04:52:13.768Z"}
{"level":"info","message":"Server is running on port 3001","timestamp":"2025-12-18T04:52:13.773Z"}
{"level":"info","message":"Inngest endpoint available at http://localhost:3001/api/inngest","timestamp":"2025-12-18T04:52:13.773Z"}
{"level":"info","message":"Connected to MongoDB Atlas","timestamp":"2025-12-18T04:52:35.216Z"}
{"level":"info","message":"Server is running on port 3001","timestamp":"2025-12-18T04:52:35.224Z"}
{"level":"info","message":"Inngest endpoint available at http://localhost:3001/api/inngest","timestamp":"2025-12-18T04:52:35.225Z"}
{"level":"info","message":"Connected to MongoDB Atlas","timestamp":"2025-12-18T04:52:59.600Z"}
{"level":"info","message":"Server is running on port 3001","timestamp":"2025-12-18T04:52:59.605Z"}
{"level":"info","message":"Inngest endpoint available at http://localhost:3001/api/inngest","timestamp":"2025-12-18T04:52:59.606Z"}
{"level":"info","message":"Connected to MongoDB Atlas","timestamp":"2025-12-18T04:57:15.373Z"}
{"level":"info","message":"Server is running on port 3001","timestamp":"2025-12-18T04:57:15.378Z"}
{"level":"info","message":"Inngest endpoint available at http://localhost:3001/api/inngest","timestamp":"2025-12-18T04:57:15.378Z"}
{"level":"info","message":"Connected to MongoDB Atlas","timestamp":"2025-12-18T05:03:13.400Z"}
{"level":"info","message":"Server is running on port 3001","timestamp":"2025-12-18T05:03:13.405Z"}
{"level":"info","message":"Inngest endpoint available at http://localhost:3001/api/inngest","timestamp":"2025-12-18T05:03:13.405Z"}
{"level":"info","message":"Connected to MongoDB Atlas","timestamp":"2025-12-18T15:37:42.832Z"}
{"level":"info","message":"Server is running on port 3001","timestamp":"2025-12-18T15:37:42.837Z"}
{"level":"info","message":"Inngest endpoint available at http://localhost:3001/api/inngest","timestamp":"2025-12-18T15:37:42.838Z"}
{"level":"info","message":"Connected to MongoDB Atlas","timestamp":"2025-12-18T15:40:30.416Z"}
{"level":"info","message":"Server is running on port 3001","timestamp":"2025-12-18T15:40:30.422Z"}
{"level":"info","message":"Inngest endpoint available at http://localhost:3001/api/inngest","timestamp":"2025-12-18T15:40:30.422Z"}
{"level":"info","message":"Connected to MongoDB Atlas","timestamp":"2025-12-18T15:46:37.365Z"}
{"level":"info","message":"Server is running on port 3001","timestamp":"2025-12-18T15:46:37.371Z"}
{"level":"info","message":"Inngest endpoint available at http://localhost:3001/api/inngest","timestamp":"2025-12-18T15:46:37.371Z"}
{"level":"info","message":"Connected to MongoDB Atlas","timestamp":"2025-12-18T15:47:37.120Z"}
{"level":"info","message":"Server is running on port 3001","timestamp":"2025-12-18T15:47:37.135Z"}
{"level":"info","message":"Inngest endpoint available at http://localhost:3001/api/inngest","timestamp":"2025-12-18T15:47:37.136Z"}
{"level":"info","message":"Connected to MongoDB Atlas","timestamp":"2025-12-18T15:48:55.896Z"}
{"level":"info","message":"Server is running on port 3001","timestamp":"2025-12-18T15:48:55.902Z"}
{"level":"info","message":"Inngest endpoint available at http://localhost:3001/api/inngest","timestamp":"2025-12-18T15:48:55.902Z"}
{"level":"info","message":"Connected to MongoDB Atlas","timestamp":"2025-12-18T16:12:36.154Z"}
{"level":"info","message":"Server is running on port 3001","timestamp":"2025-12-18T16:12:36.163Z"}
{"level":"info","message":"Inngest endpoint available at http://localhost:3001/api/inngest","timestamp":"2025-12-18T16:12:36.163Z"}
{"level":"info","message":"Connected to MongoDB Atlas","timestamp":"2025-12-18T16:39:22.391Z"}
{"level":"info","message":"Server is running on port 3001","timestamp":"2025-12-18T16:39:22.396Z"}
{"level":"info","message":"Inngest endpoint available at http://localhost:3001/api/inngest","timestamp":"2025-12-18T16:39:22.397Z"}
{"level":"info","message":"Connected to MongoDB Atlas","timestamp":"2025-12-18T16:40:28.129Z"}
{"level":"info","message":"Server is running on port 3001","timestamp":"2025-12-18T16:40:28.135Z"}
{"level":"info","message":"Inngest endpoint available at http://localhost:3001/api/inngest","timestamp":"2025-12-18T16:40:28.135Z"}
{"level":"info","message":"Connected to MongoDB Atlas","timestamp":"2025-12-18T20:56:57.030Z"}
{"level":"info","message":"Server is running on port 3001","timestamp":"2025-12-18T20:56:57.035Z"}
{"level":"info","message":"Inngest endpoint available at http://localhost:3001/api/inngest","timestamp":"2025-12-18T20:56:57.036Z"}
{"level":"info","message":"Connected to MongoDB Atlas","timestamp":"2025-12-18T21:00:31.151Z"}
{"level":"info","message":"Server is running on port 3001","timestamp":"2025-12-18T21:00:31.158Z"}
{"level":"info","message":"Inngest endpoint available at http://localhost:3001/api/inngest","timestamp":"2025-12-18T21:00:31.159Z"}
{"level":"info","message":"Connected to MongoDB Atlas","timestamp":"2025-12-18T21:06:09.501Z"}
{"level":"info","message":"Server is running on port 3001","timestamp":"2025-12-18T21:06:09.510Z"}
{"level":"info","message":"Inngest endpoint available at http://localhost:3001/api/inngest","timestamp":"2025-12-18T21:06:09.511Z"}
{"level":"info","message":"Connected to MongoDB Atlas","timestamp":"2025-12-18T21:07:05.326Z"}
{"level":"info","message":"Server is running on port 3001","timestamp":"2025-12-18T21:07:05.334Z"}
{"level":"info","message":"Inngest endpoint available at http://localhost:3001/api/inngest","timestamp":"2025-12-18T21:07:05.334Z"}
{"level":"info","message":"Connected to MongoDB Atlas","timestamp":"2025-12-18T21:09:59.883Z"}
{"level":"info","message":"Server is running on port 3001","timestamp":"2025-12-18T21:09:59.894Z"}
{"level":"info","message":"Inngest endpoint available at http://localhost:3001/api/inngest","timestamp":"2025-12-18T21:09:59.895Z"}
{"level":"info","message":"Connected to MongoDB Atlas","timestamp":"2025-12-18T21:17:23.524Z"}
{"level":"info","message":"Server is running on port 3001","timestamp":"2025-12-18T21:17:23.533Z"}
{"level":"info","message":"Inngest endpoint available at http://localhost:3001/api/inngest","timestamp":"2025-12-18T21:17:23.534Z"}
{"level":"info","message":"Connected to MongoDB Atlas","timestamp":"2025-12-18T21:17:48.472Z"}
{"level":"info","message":"Server is running on port 3001","timestamp":"2025-12-18T21:17:48.477Z"}
{"level":"info","message":"Inngest endpoint available at http://localhost:3001/api/inngest","timestamp":"2025-12-18T21:17:48.478Z"}
{"level":"info","message":"Connected to MongoDB Atlas","timestamp":"2025-12-18T21:20:03.847Z"}
{"level":"info","message":"Server is running on port 3001","timestamp":"2025-12-18T21:20:03.853Z"}
{"level":"info","message":"Inngest endpoint available at http://localhost:3001/api/inngest","timestamp":"2025-12-18T21:20:03.854Z"}
{"level":"info","message":"Connected to MongoDB Atlas","timestamp":"2025-12-18T21:31:54.925Z"}
{"level":"info","message":"Server is running on port 3001","timestamp":"2025-12-18T21:31:54.931Z"}
{"level":"info","message":"Inngest endpoint available at http://localhost:3001/api/inngest","timestamp":"2025-12-18T21:31:54.932Z"}
{"level":"info","message":"Connected to MongoDB Atlas","timestamp":"2025-12-18T21:32:05.462Z"}
{"level":"info","message":"Server is running on port 3001","timestamp":"2025-12-18T21:32:05.469Z"}
{"level":"info","message":"Inngest endpoint available at http://localhost:3001/api/inngest","timestamp":"2025-12-18T21:32:05.469Z"}
{"level":"info","message":"Connected to MongoDB Atlas","timestamp":"2025-12-18T21:45:10.149Z"}
{"level":"info","message":"Server is running on port 3001","timestamp":"2025-12-18T21:45:10.159Z"}
{"level":"info","message":"Inngest endpoint available at http://localhost:3001/api/inngest","timestamp":"2025-12-18T21:45:10.160Z"}
{"level":"info","message":"Connected to MongoDB Atlas","timestamp":"2025-12-18T21:45:38.149Z"}
{"level":"info","message":"Server is running on port 3001","timestamp":"2025-12-18T21:45:38.158Z"}
{"level":"info","message":"Inngest endpoint available at http://localhost:3001/api/inngest","timestamp":"2025-12-18T21:45:38.159Z"}
{"level":"info","message":"Connected to MongoDB Atlas","timestamp":"2025-12-18T21:45:59.245Z"}
{"level":"info","message":"Server is running on port 3001","timestamp":"2025-12-18T21:45:59.253Z"}
{"level":"info","message":"Inngest endpoint available at http://localhost:3001/api/inngest","timestamp":"2025-12-18T21:45:59.254Z"}
{"level":"info","message":"Connected to MongoDB Atlas","timestamp":"2025-12-18T21:49:50.206Z"}
{"level":"info","message":"Server is running on port 3001","timestamp":"2025-12-18T21:49:50.217Z"}
{"level":"info","message":"Inngest endpoint available at http://localhost:3001/api/inngest","timestamp":"2025-12-18T21:49:50.217Z"}
{"level":"info","message":"Connected to MongoDB Atlas","timestamp":"2025-12-18T21:51:14.418Z"}
{"level":"info","message":"Server is running on port 3001","timestamp":"2025-12-18T21:51:14.428Z"}
{"level":"info","message":"Inngest endpoint available at http://localhost:3001/api/inngest","timestamp":"2025-12-18T21:51:14.429Z"}
{"level":"info","message":"Connected to MongoDB Atlas","timestamp":"2025-12-18T21:52:42.322Z"}
{"level":"info","message":"Server is running on port 3001","timestamp":"2025-12-18T21:52:42.328Z"}
{"level":"info","message":"Inngest endpoint available at http://localhost:3001/api/inngest","timestamp":"2025-12-18T21:52:42.329Z"}
{"level":"info","message":"Connected to MongoDB Atlas","timestamp":"2025-12-18T21:53:29.004Z"}
{"level":"info","message":"Server is running on port 3001","timestamp":"2025-12-18T21:53:29.010Z"}
{"level":"info","message":"Inngest endpoint available at http://localhost:3001/api/inngest","timestamp":"2025-12-18T21:53:29.011Z"}
{"level":"info","message":"Connected to MongoDB Atlas","timestamp":"2025-12-18T21:53:40.045Z"}
{"level":"info","message":"Server is running on port 3001","timestamp":"2025-12-18T21:53:40.052Z"}
{"level":"info","message":"Inngest endpoint available at http://localhost:3001/api/inngest","timestamp":"2025-12-18T21:53:40.052Z"}
{"level":"info","message":"Connected to MongoDB Atlas","timestamp":"2025-12-18T21:54:16.054Z"}
{"level":"info","message":"Server is running on port 3001","timestamp":"2025-12-18T21:54:16.059Z"}
{"level":"info","message":"Inngest endpoint available at http://localhost:3001/api/inngest","timestamp":"2025-12-18T21:54:16.059Z"}
{"level":"info","message":"Connected to MongoDB Atlas","timestamp":"2025-12-18T21:58:31.233Z"}
{"level":"info","message":"Server is running on port 3001","timestamp":"2025-12-18T21:58:31.239Z"}
{"level":"info","message":"Inngest endpoint available at http://localhost:3001/api/inngest","timestamp":"2025-12-18T21:58:31.240Z"}
{"level":"info","message":"Connected to MongoDB Atlas","timestamp":"2025-12-18T22:02:15.928Z"}
{"level":"info","message":"Server is running on port 3001","timestamp":"2025-12-18T22:02:15.936Z"}
{"level":"info","message":"Inngest endpoint available at http://localhost:3001/api/inngest","timestamp":"2025-12-18T22:02:15.937Z"}
{"level":"info","message":"Connected to MongoDB Atlas","timestamp":"2025-12-18T22:08:47.670Z"}
{"level":"info","message":"Server is running on port 3001","timestamp":"2025-12-18T22:08:47.677Z"}
{"level":"info","message":"Inngest endpoint available at http://localhost:3001/api/inngest","timestamp":"2025-12-18T22:08:47.677Z"}
{"level":"info","message":"Connected to MongoDB Atlas","timestamp":"2025-12-19T00:53:31.678Z"}
{"level":"info","message":"Server is running on port 3001","timestamp":"2025-12-19T00:53:31.686Z"}
{"level":"info","message":"Inngest endpoint available at http://localhost:3001/api/inngest","timestamp":"2025-12-19T00:53:31.687Z"}
{"_message":"Activity validation failed","errors":{"type":{"kind":"enum","message":"`Running` is not a valid enum value for path `type`.","name":"ValidatorError","path":"type","properties":{"enumValues":["meditation","exercise","walking","reading","journaling","therapy"],"length":7,"message":"`Running` is not a valid enum value for path `type`.","path":"type","type":"enum","value":"Running"},"value":"Running"}},"level":"error","message":"Unexpected error: Activity validation failed: type: `Running` is not a valid enum value for path `type`.","stack":"ValidationError: Activity validation failed: type: `Running` is not a valid enum value for path `type`.\n    at model.Document.invalidate (C:\\Users\\hanss\\Desktop\\yuenai\\backend\\node_modules\\mongoose\\lib\\document.js:3377:32)\n    at validatePath (C:\\Users\\hanss\\Desktop\\yuenai\\backend\\node_modules\\mongoose\\lib\\document.js:3152:13)\n    at processTicksAndRejections (node:internal/process/task_queues:95:5)\n    at async Promise.all (index 1)\n    at async model.$__validate (C:\\Users\\hanss\\Desktop\\yuenai\\backend\\node_modules\\mongoose\\lib\\document.js:3093:3)\n    at async model.validate (C:\\Users\\hanss\\Desktop\\yuenai\\backend\\node_modules\\mongoose\\lib\\document.js:2670:5)\n    at async model.validateBeforeSave (C:\\Users\\hanss\\Desktop\\yuenai\\backend\\node_modules\\mongoose\\lib\\plugins\\validateBeforeSave.js:34:7)\n    at async Kareem.execPre (C:\\Users\\hanss\\Desktop\\yuenai\\backend\\node_modules\\kareem\\index.js:65:24)\n    at async model.$__save (C:\\Users\\hanss\\Desktop\\yuenai\\backend\\node_modules\\mongoose\\lib\\model.js:369:5)\n    at async model.save (C:\\Users\\hanss\\Desktop\\yuenai\\backend\\node_modules\\mongoose\\lib\\model.js:609:5)","timestamp":"2025-12-19T00:55:53.626Z"}
{"_message":"Activity validation failed","errors":{"type":{"kind":"enum","message":"`Running` is not a valid enum value for path `type`.","name":"ValidatorError","path":"type","properties":{"enumValues":["meditation","exercise","walking","reading","journaling","therapy"],"length":7,"message":"`Running` is not a valid enum value for path `type`.","path":"type","type":"enum","value":"Running"},"value":"Running"}},"level":"error","message":"Unexpected error: Activity validation failed: type: `Running` is not a valid enum value for path `type`.","stack":"ValidationError: Activity validation failed: type: `Running` is not a valid enum value for path `type`.\n    at model.Document.invalidate (C:\\Users\\hanss\\Desktop\\yuenai\\backend\\node_modules\\mongoose\\lib\\document.js:3377:32)\n    at validatePath (C:\\Users\\hanss\\Desktop\\yuenai\\backend\\node_modules\\mongoose\\lib\\document.js:3152:13)\n    at processTicksAndRejections (node:internal/process/task_queues:95:5)\n    at async Promise.all (index 1)\n    at async model.$__validate (C:\\Users\\hanss\\Desktop\\yuenai\\backend\\node_modules\\mongoose\\lib\\document.js:3093:3)\n    at async model.validate (C:\\Users\\hanss\\Desktop\\yuenai\\backend\\node_modules\\mongoose\\lib\\document.js:2670:5)\n    at async model.validateBeforeSave (C:\\Users\\hanss\\Desktop\\yuenai\\backend\\node_modules\\mongoose\\lib\\plugins\\validateBeforeSave.js:34:7)\n    at async Kareem.execPre (C:\\Users\\hanss\\Desktop\\yuenai\\backend\\node_modules\\kareem\\index.js:65:24)\n    at async model.$__save (C:\\Users\\hanss\\Desktop\\yuenai\\backend\\node_modules\\mongoose\\lib\\model.js:369:5)\n    at async model.save (C:\\Users\\hanss\\Desktop\\yuenai\\backend\\node_modules\\mongoose\\lib\\model.js:609:5)","timestamp":"2025-12-19T00:58:57.311Z"}
{"level":"info","message":"Connected to MongoDB Atlas","timestamp":"2025-12-19T01:02:49.020Z"}
{"level":"info","message":"Server is running on port 3001","timestamp":"2025-12-19T01:02:49.027Z"}
{"level":"info","message":"Inngest endpoint available at http://localhost:3001/api/inngest","timestamp":"2025-12-19T01:02:49.028Z"}
{"level":"info","message":"Connected to MongoDB Atlas","timestamp":"2025-12-19T01:16:18.032Z"}
{"level":"info","message":"Server is running on port 3001","timestamp":"2025-12-19T01:16:18.039Z"}
{"level":"info","message":"Inngest endpoint available at http://localhost:3001/api/inngest","timestamp":"2025-12-19T01:16:18.040Z"}
{"level":"info","message":"Connected to MongoDB Atlas","timestamp":"2025-12-19T01:24:58.011Z"}
{"level":"info","message":"Server is running on port 3001","timestamp":"2025-12-19T01:24:58.016Z"}
{"level":"info","message":"Inngest endpoint available at http://localhost:3001/api/inngest","timestamp":"2025-12-19T01:24:58.017Z"}
{"level":"info","message":"Connected to MongoDB Atlas","timestamp":"2025-12-19T01:25:12.798Z"}
{"level":"info","message":"Server is running on port 3001","timestamp":"2025-12-19T01:25:12.813Z"}
{"level":"info","message":"Inngest endpoint available at http://localhost:3001/api/inngest","timestamp":"2025-12-19T01:25:12.814Z"}
{"level":"info","message":"Connected to MongoDB Atlas","timestamp":"2025-12-19T01:30:08.493Z"}
{"level":"info","message":"Server is running on port 3001","timestamp":"2025-12-19T01:30:08.500Z"}
{"level":"info","message":"Inngest endpoint available at http://localhost:3001/api/inngest","timestamp":"2025-12-19T01:30:08.500Z"}
{"level":"info","message":"Connected to MongoDB Atlas","timestamp":"2025-12-19T01:30:16.027Z"}
{"level":"info","message":"Server is running on port 3001","timestamp":"2025-12-19T01:30:16.035Z"}
{"level":"info","message":"Inngest endpoint available at http://localhost:3001/api/inngest","timestamp":"2025-12-19T01:30:16.035Z"}
{"level":"info","message":"Connected to MongoDB Atlas","timestamp":"2025-12-19T01:31:01.789Z"}
{"level":"info","message":"Server is running on port 3001","timestamp":"2025-12-19T01:31:01.800Z"}
{"level":"info","message":"Inngest endpoint available at http://localhost:3001/api/inngest","timestamp":"2025-12-19T01:31:01.800Z"}
{"level":"info","message":"Connected to MongoDB Atlas","timestamp":"2025-12-19T02:23:00.165Z"}
{"level":"info","message":"Server is running on port 3001","timestamp":"2025-12-19T02:23:00.170Z"}
{"level":"info","message":"Inngest endpoint available at http://localhost:3001/api/inngest","timestamp":"2025-12-19T02:23:00.170Z"}
{"level":"info","message":"Connected to MongoDB Atlas","timestamp":"2025-12-19T02:29:08.981Z"}
{"level":"info","message":"Server is running on port 3001","timestamp":"2025-12-19T02:29:08.987Z"}
{"level":"info","message":"Inngest endpoint available at http://localhost:3001/api/inngest","timestamp":"2025-12-19T02:29:08.987Z"}
{"level":"info","message":"Connected to MongoDB Atlas","timestamp":"2025-12-19T02:30:03.553Z"}
{"level":"info","message":"Server is running on port 3001","timestamp":"2025-12-19T02:30:03.558Z"}
{"level":"info","message":"Inngest endpoint available at http://localhost:3001/api/inngest","timestamp":"2025-12-19T02:30:03.559Z"}
{"level":"info","message":"Connected to MongoDB Atlas","timestamp":"2025-12-19T02:30:30.625Z"}
{"level":"info","message":"Server is running on port 3001","timestamp":"2025-12-19T02:30:30.630Z"}
{"level":"info","message":"Inngest endpoint available at http://localhost:3001/api/inngest","timestamp":"2025-12-19T02:30:30.630Z"}
{"_message":"Activity validation failed","errors":{"type":{"kind":"enum","message":"`Running` is not a valid enum value for path `type`.","name":"ValidatorError","path":"type","properties":{"enumValues":["meditation","exercise","walking","reading","journaling","therapy"],"length":7,"message":"`Running` is not a valid enum value for path `type`.","path":"type","type":"enum","value":"Running"},"value":"Running"}},"level":"error","message":"Unexpected error: Activity validation failed: type: `Running` is not a valid enum value for path `type`.","stack":"ValidationError: Activity validation failed: type: `Running` is not a valid enum value for path `type`.\n    at model.Document.invalidate (C:\\Users\\hanss\\Desktop\\yuenai\\backend\\node_modules\\mongoose\\lib\\document.js:3377:32)\n    at validatePath (C:\\Users\\hanss\\Desktop\\yuenai\\backend\\node_modules\\mongoose\\lib\\document.js:3152:13)\n    at processTicksAndRejections (node:internal/process/task_queues:95:5)\n    at async Promise.all (index 1)\n    at async model.$__validate (C:\\Users\\hanss\\Desktop\\yuenai\\backend\\node_modules\\mongoose\\lib\\document.js:3093:3)\n    at async model.validate (C:\\Users\\hanss\\Desktop\\yuenai\\backend\\node_modules\\mongoose\\lib\\document.js:2670:5)\n    at async model.validateBeforeSave (C:\\Users\\hanss\\Desktop\\yuenai\\backend\\node_modules\\mongoose\\lib\\plugins\\validateBeforeSave.js:34:7)\n    at async Kareem.execPre (C:\\Users\\hanss\\Desktop\\yuenai\\backend\\node_modules\\kareem\\index.js:65:24)\n    at async model.$__save (C:\\Users\\hanss\\Desktop\\yuenai\\backend\\node_modules\\mongoose\\lib\\model.js:369:5)\n    at async model.save (C:\\Users\\hanss\\Desktop\\yuenai\\backend\\node_modules\\mongoose\\lib\\model.js:609:5)","timestamp":"2025-12-19T02:30:53.902Z"}
{"_message":"Activity validation failed","errors":{"type":{"kind":"enum","message":"`Running` is not a valid enum value for path `type`.","name":"ValidatorError","path":"type","properties":{"enumValues":["meditation","exercise","walking","reading","journaling","therapy"],"length":7,"message":"`Running` is not a valid enum value for path `type`.","path":"type","type":"enum","value":"Running"},"value":"Running"}},"level":"error","message":"Unexpected error: Activity validation failed: type: `Running` is not a valid enum value for path `type`.","stack":"ValidationError: Activity validation failed: type: `Running` is not a valid enum value for path `type`.\n    at model.Document.invalidate (C:\\Users\\hanss\\Desktop\\yuenai\\backend\\node_modules\\mongoose\\lib\\document.js:3377:32)\n    at validatePath (C:\\Users\\hanss\\Desktop\\yuenai\\backend\\node_modules\\mongoose\\lib\\document.js:3152:13)\n    at processTicksAndRejections (node:internal/process/task_queues:95:5)\n    at async Promise.all (index 1)\n    at async model.$__validate (C:\\Users\\hanss\\Desktop\\yuenai\\backend\\node_modules\\mongoose\\lib\\document.js:3093:3)\n    at async model.validate (C:\\Users\\hanss\\Desktop\\yuenai\\backend\\node_modules\\mongoose\\lib\\document.js:2670:5)\n    at async model.validateBeforeSave (C:\\Users\\hanss\\Desktop\\yuenai\\backend\\node_modules\\mongoose\\lib\\plugins\\validateBeforeSave.js:34:7)\n    at async Kareem.execPre (C:\\Users\\hanss\\Desktop\\yuenai\\backend\\node_modules\\kareem\\index.js:65:24)\n    at async model.$__save (C:\\Users\\hanss\\Desktop\\yuenai\\backend\\node_modules\\mongoose\\lib\\model.js:369:5)\n    at async model.save (C:\\Users\\hanss\\Desktop\\yuenai\\backend\\node_modules\\mongoose\\lib\\model.js:609:5)","timestamp":"2025-12-19T02:31:19.345Z"}
{"level":"info","message":"Connected to MongoDB Atlas","timestamp":"2025-12-19T02:34:08.812Z"}
{"level":"info","message":"Server is running on port 3001","timestamp":"2025-12-19T02:34:08.818Z"}
{"level":"info","message":"Inngest endpoint available at http://localhost:3001/api/inngest","timestamp":"2025-12-19T02:34:08.819Z"}
{"level":"info","message":"Connected to MongoDB Atlas","timestamp":"2025-12-19T02:34:36.865Z"}
{"level":"info","message":"Server is running on port 3001","timestamp":"2025-12-19T02:34:36.871Z"}
{"level":"info","message":"Inngest endpoint available at http://localhost:3001/api/inngest","timestamp":"2025-12-19T02:34:36.871Z"}
{"_message":"Activity validation failed","errors":{"type":{"kind":"enum","message":"`Running` is not a valid enum value for path `type`.","name":"ValidatorError","path":"type","properties":{"enumValues":["meditation","exercise","walking","reading","journaling","therapy"],"length":7,"message":"`Running` is not a valid enum value for path `type`.","path":"type","type":"enum","value":"Running"},"value":"Running"}},"level":"error","message":"Unexpected error: Activity validation failed: type: `Running` is not a valid enum value for path `type`.","stack":"ValidationError: Activity validation failed: type: `Running` is not a valid enum value for path `type`.\n    at model.Document.invalidate (C:\\Users\\hanss\\Desktop\\yuenai\\backend\\node_modules\\mongoose\\lib\\document.js:3377:32)\n    at validatePath (C:\\Users\\hanss\\Desktop\\yuenai\\backend\\node_modules\\mongoose\\lib\\document.js:3152:13)\n    at processTicksAndRejections (node:internal/process/task_queues:95:5)\n    at async Promise.all (index 1)\n    at async model.$__validate (C:\\Users\\hanss\\Desktop\\yuenai\\backend\\node_modules\\mongoose\\lib\\document.js:3093:3)\n    at async model.validate (C:\\Users\\hanss\\Desktop\\yuenai\\backend\\node_modules\\mongoose\\lib\\document.js:2670:5)\n    at async model.validateBeforeSave (C:\\Users\\hanss\\Desktop\\yuenai\\backend\\node_modules\\mongoose\\lib\\plugins\\validateBeforeSave.js:34:7)\n    at async Kareem.execPre (C:\\Users\\hanss\\Desktop\\yuenai\\backend\\node_modules\\kareem\\index.js:65:24)\n    at async model.$__save (C:\\Users\\hanss\\Desktop\\yuenai\\backend\\node_modules\\mongoose\\lib\\model.js:369:5)\n    at async model.save (C:\\Users\\hanss\\Desktop\\yuenai\\backend\\node_modules\\mongoose\\lib\\model.js:609:5)","timestamp":"2025-12-19T02:40:40.939Z"}
{"level":"info","message":"Connected to MongoDB Atlas","timestamp":"2025-12-19T02:42:37.378Z"}
{"level":"info","message":"Server is running on port 3001","timestamp":"2025-12-19T02:42:37.388Z"}
{"level":"info","message":"Inngest endpoint available at http://localhost:3001/api/inngest","timestamp":"2025-12-19T02:42:37.389Z"}
{"_message":"Activity validation failed","errors":{"type":{"kind":"enum","message":"`Running` is not a valid enum value for path `type`.","name":"ValidatorError","path":"type","properties":{"enumValues":["meditation","exercise","walking","reading","journaling","therapy"],"length":7,"message":"`Running` is not a valid enum value for path `type`.","path":"type","type":"enum","value":"Running"},"value":"Running"}},"level":"error","message":"Unexpected error: Activity validation failed: type: `Running` is not a valid enum value for path `type`.","stack":"ValidationError: Activity validation failed: type: `Running` is not a valid enum value for path `type`.\n    at model.Document.invalidate (C:\\Users\\hanss\\Desktop\\yuenai\\backend\\node_modules\\mongoose\\lib\\document.js:3377:32)\n    at validatePath (C:\\Users\\hanss\\Desktop\\yuenai\\backend\\node_modules\\mongoose\\lib\\document.js:3152:13)\n    at processTicksAndRejections (node:internal/process/task_queues:95:5)\n    at async Promise.all (index 1)\n    at async model.$__validate (C:\\Users\\hanss\\Desktop\\yuenai\\backend\\node_modules\\mongoose\\lib\\document.js:3093:3)\n    at async model.validate (C:\\Users\\hanss\\Desktop\\yuenai\\backend\\node_modules\\mongoose\\lib\\document.js:2670:5)\n    at async model.validateBeforeSave (C:\\Users\\hanss\\Desktop\\yuenai\\backend\\node_modules\\mongoose\\lib\\plugins\\validateBeforeSave.js:34:7)\n    at async Kareem.execPre (C:\\Users\\hanss\\Desktop\\yuenai\\backend\\node_modules\\kareem\\index.js:65:24)\n    at async model.$__save (C:\\Users\\hanss\\Desktop\\yuenai\\backend\\node_modules\\mongoose\\lib\\model.js:369:5)\n    at async model.save (C:\\Users\\hanss\\Desktop\\yuenai\\backend\\node_modules\\mongoose\\lib\\model.js:609:5)","timestamp":"2025-12-19T02:44:05.767Z"}
{"level":"info","message":"Connected to MongoDB Atlas","timestamp":"2025-12-19T02:46:34.358Z"}
{"level":"info","message":"Server is running on port 3001","timestamp":"2025-12-19T02:46:34.364Z"}
{"level":"info","message":"Inngest endpoint available at http://localhost:3001/api/inngest","timestamp":"2025-12-19T02:46:34.364Z"}
{"level":"info","message":"Activity logged for user 69447e9bc5f4aed375b484e2","timestamp":"2025-12-19T02:48:22.955Z"}
{"level":"info","message":"Activity logged for user 69447e9bc5f4aed375b484e2","timestamp":"2025-12-19T02:48:56.451Z"}
{"level":"info","message":"Activity logged for user 69447e9bc5f4aed375b484e2","timestamp":"2025-12-19T02:51:00.013Z"}
{"level":"info","message":"Activity logged for user 69447e9bc5f4aed375b484e2","timestamp":"2025-12-19T02:51:51.720Z"}
{"_message":"Activity validation failed","errors":{"type":{"kind":"enum","message":"`running` is not a valid enum value for path `type`.","name":"ValidatorError","path":"type","properties":{"enumValues":["meditation","exercise","walking","reading","journaling","therapy"],"length":7,"message":"`running` is not a valid enum value for path `type`.","path":"type","type":"enum","value":"running"},"value":"running"}},"level":"error","message":"Unexpected error: Activity validation failed: type: `running` is not a valid enum value for path `type`.","stack":"ValidationError: Activity validation failed: type: `running` is not a valid enum value for path `type`.\n    at model.Document.invalidate (C:\\Users\\hanss\\Desktop\\yuenai\\backend\\node_modules\\mongoose\\lib\\document.js:3377:32)\n    at validatePath (C:\\Users\\hanss\\Desktop\\yuenai\\backend\\node_modules\\mongoose\\lib\\document.js:3152:13)\n    at processTicksAndRejections (node:internal/process/task_queues:95:5)\n    at async Promise.all (index 1)\n    at async model.$__validate (C:\\Users\\hanss\\Desktop\\yuenai\\backend\\node_modules\\mongoose\\lib\\document.js:3093:3)\n    at async model.validate (C:\\Users\\hanss\\Desktop\\yuenai\\backend\\node_modules\\mongoose\\lib\\document.js:2670:5)\n    at async model.validateBeforeSave (C:\\Users\\hanss\\Desktop\\yuenai\\backend\\node_modules\\mongoose\\lib\\plugins\\validateBeforeSave.js:34:7)\n    at async Kareem.execPre (C:\\Users\\hanss\\Desktop\\yuenai\\backend\\node_modules\\kareem\\index.js:65:24)\n    at async model.$__save (C:\\Users\\hanss\\Desktop\\yuenai\\backend\\node_modules\\mongoose\\lib\\model.js:369:5)\n    at async model.save (C:\\Users\\hanss\\Desktop\\yuenai\\backend\\node_modules\\mongoose\\lib\\model.js:609:5)","timestamp":"2025-12-19T02:51:57.482Z"}
{"level":"info","message":"Activity logged for user 69447e9bc5f4aed375b484e2","timestamp":"2025-12-19T02:53:08.800Z"}
{"level":"info","message":"Activity logged for user 69447e9bc5f4aed375b484e2","timestamp":"2025-12-19T02:53:34.132Z"}
{"level":"info","message":"Connected to MongoDB Atlas","timestamp":"2025-12-19T03:03:53.198Z"}
{"level":"info","message":"Server is running on port 3001","timestamp":"2025-12-19T03:03:53.207Z"}
{"level":"info","message":"Inngest endpoint available at http://localhost:3001/api/inngest","timestamp":"2025-12-19T03:03:53.207Z"}
{"level":"info","message":"Activity logged for user 69447e9bc5f4aed375b484e2","timestamp":"2025-12-19T03:19:20.041Z"}
{"level":"info","message":"Connected to MongoDB Atlas","timestamp":"2025-12-19T03:20:16.068Z"}
{"level":"info","message":"Server is running on port 3001","timestamp":"2025-12-19T03:20:16.078Z"}
{"level":"info","message":"Inngest endpoint available at http://localhost:3001/api/inngest","timestamp":"2025-12-19T03:20:16.078Z"}
{"level":"info","message":"Connected to MongoDB Atlas","timestamp":"2025-12-19T03:20:26.663Z"}
{"level":"info","message":"Server is running on port 3001","timestamp":"2025-12-19T03:20:26.668Z"}
{"level":"info","message":"Inngest endpoint available at http://localhost:3001/api/inngest","timestamp":"2025-12-19T03:20:26.668Z"}
{"level":"info","message":"Activity logged for user 69447e9bc5f4aed375b484e2","timestamp":"2025-12-19T03:22:28.017Z"}
{"level":"info","message":"Connected to MongoDB Atlas","timestamp":"2025-12-19T03:23:38.223Z"}
{"level":"info","message":"Server is running on port 3001","timestamp":"2025-12-19T03:23:38.228Z"}
{"level":"info","message":"Inngest endpoint available at http://localhost:3001/api/inngest","timestamp":"2025-12-19T03:23:38.229Z"}
{"level":"info","message":"Activity logged for user 69447e9bc5f4aed375b484e2","timestamp":"2025-12-19T03:23:48.040Z"}
{"level":"info","message":"Connected to MongoDB Atlas","timestamp":"2025-12-19T03:25:57.239Z"}
{"level":"info","message":"Server is running on port 3001","timestamp":"2025-12-19T03:25:57.247Z"}
{"level":"info","message":"Inngest endpoint available at http://localhost:3001/api/inngest","timestamp":"2025-12-19T03:25:57.248Z"}
{"level":"info","message":"Activity logged for user 69447e9bc5f4aed375b484e2","timestamp":"2025-12-19T03:26:30.955Z"}
{"level":"info","message":"Connected to MongoDB Atlas","timestamp":"2025-12-19T03:34:15.727Z"}
{"level":"info","message":"Server is running on port 3001","timestamp":"2025-12-19T03:34:15.734Z"}
{"level":"info","message":"Inngest endpoint available at http://localhost:3001/api/inngest","timestamp":"2025-12-19T03:34:15.734Z"}
{"level":"info","message":"Connected to MongoDB Atlas","timestamp":"2025-12-19T03:34:24.485Z"}
{"level":"info","message":"Server is running on port 3001","timestamp":"2025-12-19T03:34:24.494Z"}
{"level":"info","message":"Inngest endpoint available at http://localhost:3001/api/inngest","timestamp":"2025-12-19T03:34:24.495Z"}
{"level":"info","message":"Connected to MongoDB Atlas","timestamp":"2025-12-19T03:38:00.391Z"}
{"level":"info","message":"Server is running on port 3001","timestamp":"2025-12-19T03:38:00.397Z"}
{"level":"info","message":"Inngest endpoint available at http://localhost:3001/api/inngest","timestamp":"2025-12-19T03:38:00.398Z"}
{"level":"info","message":"Connected to MongoDB Atlas","timestamp":"2025-12-19T03:38:35.938Z"}
{"level":"info","message":"Server is running on port 3001","timestamp":"2025-12-19T03:38:35.947Z"}
{"level":"info","message":"Inngest endpoint available at http://localhost:3001/api/inngest","timestamp":"2025-12-19T03:38:35.949Z"}
{"level":"info","message":"Connected to MongoDB Atlas","timestamp":"2025-12-19T03:44:44.741Z"}
{"level":"info","message":"Server is running on port 3001","timestamp":"2025-12-19T03:44:44.747Z"}
{"level":"info","message":"Inngest endpoint available at http://localhost:3001/api/inngest","timestamp":"2025-12-19T03:44:44.747Z"}
{"level":"info","message":"Connected to MongoDB Atlas","timestamp":"2025-12-19T03:45:13.090Z"}
{"level":"info","message":"Server is running on port 3001","timestamp":"2025-12-19T03:45:13.095Z"}
{"level":"info","message":"Inngest endpoint available at http://localhost:3001/api/inngest","timestamp":"2025-12-19T03:45:13.096Z"}
{"level":"info","message":"Mood logged for user 69447e9bc5f4aed375b484e2","timestamp":"2025-12-19T03:45:21.455Z"}
{"level":"info","message":"Mood logged for user 69447e9bc5f4aed375b484e2","timestamp":"2025-12-19T03:48:48.563Z"}
{"level":"info","message":"Connected to MongoDB Atlas","timestamp":"2025-12-19T03:51:22.961Z"}
{"level":"info","message":"Server is running on port 3001","timestamp":"2025-12-19T03:51:22.966Z"}
{"level":"info","message":"Inngest endpoint available at http://localhost:3001/api/inngest","timestamp":"2025-12-19T03:51:22.967Z"}
{"level":"info","message":"Connected to MongoDB Atlas","timestamp":"2025-12-19T03:51:36.449Z"}
{"level":"info","message":"Server is running on port 3001","timestamp":"2025-12-19T03:51:36.455Z"}
{"level":"info","message":"Inngest endpoint available at http://localhost:3001/api/inngest","timestamp":"2025-12-19T03:51:36.455Z"}
{"level":"info","message":"Connected to MongoDB Atlas","timestamp":"2025-12-19T03:51:48.576Z"}
{"level":"info","message":"Server is running on port 3001","timestamp":"2025-12-19T03:51:48.581Z"}
{"level":"info","message":"Inngest endpoint available at http://localhost:3001/api/inngest","timestamp":"2025-12-19T03:51:48.582Z"}
{"level":"info","message":"Connected to MongoDB Atlas","timestamp":"2025-12-19T23:45:31.221Z"}
{"level":"info","message":"Server is running on port 3001","timestamp":"2025-12-19T23:45:31.227Z"}
{"level":"info","message":"Inngest endpoint available at http://localhost:3001/api/inngest","timestamp":"2025-12-19T23:45:31.227Z"}
{"level":"info","message":"Mood logged for user 6945eaac455332b6e21efb87","timestamp":"2025-12-20T01:56:10.374Z"}
{"level":"info","message":"Mood logged for user 6945eaac455332b6e21efb87","timestamp":"2025-12-20T01:56:34.317Z"}
{"level":"info","message":"Connected to MongoDB Atlas","timestamp":"2025-12-20T04:19:59.822Z"}
{"level":"info","message":"Server is running on port 3001","timestamp":"2025-12-20T04:19:59.827Z"}
{"level":"info","message":"Inngest endpoint available at http://localhost:3001/api/inngest","timestamp":"2025-12-20T04:19:59.828Z"}
{"level":"info","message":"Connected to MongoDB Atlas","timestamp":"2025-12-20T04:21:33.806Z"}
{"level":"info","message":"Server is running on port 3001","timestamp":"2025-12-20T04:21:33.815Z"}
{"level":"info","message":"Inngest endpoint available at http://localhost:3001/api/inngest","timestamp":"2025-12-20T04:21:33.823Z"}
{"level":"info","message":"Connected to MongoDB Atlas","timestamp":"2025-12-20T14:42:01.237Z"}
{"level":"info","message":"Server is running on port 3001","timestamp":"2025-12-20T14:42:01.246Z"}
{"level":"info","message":"Inngest endpoint available at http://localhost:3001/api/inngest","timestamp":"2025-12-20T14:42:01.247Z"}
{"level":"info","message":"Connected to MongoDB Atlas","timestamp":"2025-12-20T14:46:14.887Z"}
{"level":"info","message":"Server is running on port 3001","timestamp":"2025-12-20T14:46:14.893Z"}
{"level":"info","message":"Inngest endpoint available at http://localhost:3001/api/inngest","timestamp":"2025-12-20T14:46:14.893Z"}
{"level":"info","message":"Connected to MongoDB Atlas","timestamp":"2025-12-20T14:48:19.259Z"}
{"level":"info","message":"Server is running on port 3001","timestamp":"2025-12-20T14:48:19.267Z"}
{"level":"info","message":"Inngest endpoint available at http://localhost:3001/api/inngest","timestamp":"2025-12-20T14:48:19.268Z"}
{"level":"info","message":"Connected to MongoDB Atlas","timestamp":"2025-12-20T14:48:50.619Z"}
{"level":"info","message":"Server is running on port 3001","timestamp":"2025-12-20T14:48:50.624Z"}
{"level":"info","message":"Inngest endpoint available at http://localhost:3001/api/inngest","timestamp":"2025-12-20T14:48:50.625Z"}
{"level":"info","message":"Connected to MongoDB Atlas","timestamp":"2025-12-20T14:49:38.800Z"}
{"level":"info","message":"Server is running on port 3001","timestamp":"2025-12-20T14:49:38.805Z"}
{"level":"info","message":"Inngest endpoint available at http://localhost:3001/api/inngest","timestamp":"2025-12-20T14:49:38.805Z"}
{"level":"info","message":"Connected to MongoDB Atlas","timestamp":"2025-12-20T14:50:39.134Z"}
{"level":"info","message":"Server is running on port 3001","timestamp":"2025-12-20T14:50:39.140Z"}
{"level":"info","message":"Inngest endpoint available at http://localhost:3001/api/inngest","timestamp":"2025-12-20T14:50:39.140Z"}
{"level":"info","message":"Connected to MongoDB Atlas","timestamp":"2025-12-20T14:51:45.354Z"}
{"level":"info","message":"Server is running on port 3001","timestamp":"2025-12-20T14:51:45.359Z"}
{"level":"info","message":"Inngest endpoint available at http://localhost:3001/api/inngest","timestamp":"2025-12-20T14:51:45.360Z"}
{"level":"info","message":"Connected to MongoDB Atlas","timestamp":"2025-12-20T14:51:55.685Z"}
{"level":"info","message":"Server is running on port 3001","timestamp":"2025-12-20T14:51:55.690Z"}
{"level":"info","message":"Inngest endpoint available at http://localhost:3001/api/inngest","timestamp":"2025-12-20T14:51:55.691Z"}
{"level":"info","message":"Connected to MongoDB Atlas","timestamp":"2025-12-20T14:52:08.203Z"}
{"level":"info","message":"Server is running on port 3001","timestamp":"2025-12-20T14:52:08.209Z"}
{"level":"info","message":"Inngest endpoint available at http://localhost:3001/api/inngest","timestamp":"2025-12-20T14:52:08.209Z"}
{"level":"info","message":"Connected to MongoDB Atlas","timestamp":"2025-12-20T15:11:33.135Z"}
{"level":"info","message":"Server is running on port 3001","timestamp":"2025-12-20T15:11:33.140Z"}
{"level":"info","message":"Inngest endpoint available at http://localhost:3001/api/inngest","timestamp":"2025-12-20T15:11:33.141Z"}
{"level":"info","message":"Connected to MongoDB Atlas","timestamp":"2025-12-20T15:16:55.632Z"}
{"level":"info","message":"Server is running on port 3001","timestamp":"2025-12-20T15:16:55.637Z"}
{"level":"info","message":"Inngest endpoint available at http://localhost:3001/api/inngest","timestamp":"2025-12-20T15:16:55.637Z"}
{"level":"info","message":"Connected to MongoDB Atlas","timestamp":"2025-12-20T15:20:12.376Z"}
{"level":"info","message":"Server is running on port 3001","timestamp":"2025-12-20T15:20:12.382Z"}
{"level":"info","message":"Inngest endpoint available at http://localhost:3001/api/inngest","timestamp":"2025-12-20T15:20:12.382Z"}
{"level":"info","message":"Connected to MongoDB Atlas","timestamp":"2025-12-20T15:22:53.208Z"}
{"level":"info","message":"Server is running on port 3001","timestamp":"2025-12-20T15:22:53.214Z"}
{"level":"info","message":"Inngest endpoint available at http://localhost:3001/api/inngest","timestamp":"2025-12-20T15:22:53.214Z"}
{"level":"info","message":"Processing message: im feeling down","sessionId":"new","timestamp":"2025-12-20T15:28:35.972Z"}
{"level":"warn","message":"Session not found:","sessionId":"new","timestamp":"2025-12-20T15:28:36.001Z"}
{"level":"info","message":"Processing message: im feeling down","sessionId":"71402dea-bebd-4a49-a3ed-e8e57b90e1f3","timestamp":"2025-12-20T15:31:01.111Z"}
{"event":{"data":{"history":[],"message":"im feeling down"},"name":"therapy/session.message"},"level":"info","message":"Sending message to Inngest:","timestamp":"2025-12-20T15:31:01.141Z"}
{"level":"error","message":"Error in sendMessage: Inngest API Error: 401 Event key not found","stack":"Error: Inngest API Error: 401 Event key not found\n    at Inngest.getResponseError (C:\\Users\\hanss\\Desktop\\yuenai\\backend\\node_modules\\src\\components\\Inngest.ts:393:12)\n    at applyHookToOutput.result.ids.require_promises.retryWithBackoff.maxAttempts.maxAttempts (C:\\Users\\hanss\\Desktop\\yuenai\\backend\\node_modules\\src\\components\\Inngest.ts:694:28)\n    at processTicksAndRejections (node:internal/process/task_queues:95:5)\n    at async Object.retryWithBackoff (C:\\Users\\hanss\\Desktop\\yuenai\\backend\\node_modules\\src\\helpers\\promises.ts:246:14)\n    at async Inngest._send (C:\\Users\\hanss\\Desktop\\yuenai\\backend\\node_modules\\src\\components\\Inngest.ts:673:18)\n    at async sendMessage (C:\\Users\\hanss\\Desktop\\yuenai\\backend\\src\\controllers\\chat.ts:86:9)","timestamp":"2025-12-20T15:31:03.852Z"}
{"level":"info","message":"Connected to MongoDB Atlas","timestamp":"2025-12-20T15:43:32.674Z"}
{"level":"info","message":"Server is running on port 3001","timestamp":"2025-12-20T15:43:32.679Z"}
{"level":"info","message":"Inngest endpoint available at http://localhost:3001/api/inngest","timestamp":"2025-12-20T15:43:32.679Z"}
{"level":"info","message":"Processing message: im feeling down","sessionId":"22b0322a-2ab0-439e-9da4-03aef06c1e70","timestamp":"2025-12-20T15:44:04.745Z"}
{"event":{"data":{"history":[],"message":"im feeling down"},"name":"therapy/session.message"},"level":"info","message":"Sending message to Inngest:","timestamp":"2025-12-20T15:44:04.775Z"}
{"level":"error","message":"Error in sendMessage: Inngest API Error: 401 Event key not found","stack":"Error: Inngest API Error: 401 Event key not found\n    at Inngest.getResponseError (C:\\Users\\hanss\\Desktop\\yuenai\\backend\\node_modules\\src\\components\\Inngest.ts:393:12)\n    at applyHookToOutput.result.ids.require_promises.retryWithBackoff.maxAttempts.maxAttempts (C:\\Users\\hanss\\Desktop\\yuenai\\backend\\node_modules\\src\\components\\Inngest.ts:694:28)\n    at processTicksAndRejections (node:internal/process/task_queues:95:5)\n    at async Object.retryWithBackoff (C:\\Users\\hanss\\Desktop\\yuenai\\backend\\node_modules\\src\\helpers\\promises.ts:246:14)\n    at async Inngest._send (C:\\Users\\hanss\\Desktop\\yuenai\\backend\\node_modules\\src\\components\\Inngest.ts:673:18)\n    at async sendMessage (C:\\Users\\hanss\\Desktop\\yuenai\\backend\\src\\controllers\\chat.ts:86:9)","timestamp":"2025-12-20T15:44:07.102Z"}
